<?xml version="1.0" encoding="UTF-8"?>
<coverage generated="1691020169088" clover="3.2.0">
  <project timestamp="1691020169088" name="All files">
    <metrics statements="3" coveredstatements="3" conditionals="0" coveredconditionals="0" methods="1" coveredmethods="1" elements="4" coveredelements="4" complexity="0" loc="3" ncloc="3" packages="1" files="1" classes="1"/>
    <file name="comment-counter.js" path="D:\Microverse\repos\Metflix\src\modules\comment-counter.js">
      <metrics statements="3" coveredstatements="3" conditionals="0" coveredconditionals="0" methods="1" coveredmethods="1"/>
      <line num="1" count="1" type="stmt"/>
      <line num="2" count="3" type="stmt"/>
      <line num="3" count="3" type="stmt"/>
    </file>
  </project>
</coverage>
