<?xml version="1.0" encoding="UTF-8"?>
<coverage generated="1691165974851" clover="3.2.0">
  <project timestamp="1691165974852" name="All files">
    <metrics statements="12" coveredstatements="12" conditionals="0" coveredconditionals="0" methods="4" coveredmethods="4" elements="16" coveredelements="16" complexity="0" loc="12" ncloc="12" packages="1" files="3" classes="3"/>
    <file name="comment-counter.js" path="/media/i-nad/463E0FE91969CB52/docs/new/Metflix/src/modules/comment-counter.js">
      <metrics statements="3" coveredstatements="3" conditionals="0" coveredconditionals="0" methods="1" coveredmethods="1"/>
      <line num="1" count="1" type="stmt"/>
      <line num="2" count="3" type="stmt"/>
      <line num="3" count="3" type="stmt"/>
    </file>
    <file name="item-counter.js" path="/media/i-nad/463E0FE91969CB52/docs/new/Metflix/src/modules/item-counter.js">
      <metrics statements="5" coveredstatements="5" conditionals="0" coveredconditionals="0" methods="1" coveredmethods="1"/>
      <line num="1" count="1" type="stmt"/>
      <line num="2" count="1" type="stmt"/>
      <line num="3" count="1" type="stmt"/>
      <line num="4" count="1" type="stmt"/>
      <line num="5" count="1" type="stmt"/>
    </file>
    <file name="likesCounter.js" path="/media/i-nad/463E0FE91969CB52/docs/new/Metflix/src/modules/likesCounter.js">
      <metrics statements="4" coveredstatements="4" conditionals="0" coveredconditionals="0" methods="2" coveredmethods="2"/>
      <line num="3" count="1" type="stmt"/>
      <line num="4" count="3" type="stmt"/>
      <line num="5" count="3" type="stmt"/>
      <line num="6" count="2" type="stmt"/>
    </file>
  </project>
</coverage>
